[0m18:33:52.141320 [debug] [MainThread]: Sending event: {'category': 'dbt', 'action': 'invocation', 'label': 'start', 'context': [<snowplow_tracker.self_describing_json.SelfDescribingJson object at 0x7728474e8830>, <snowplow_tracker.self_describing_json.SelfDescribingJson object at 0x772846567ed0>, <snowplow_tracker.self_describing_json.SelfDescribingJson object at 0x772846567750>]}


============================== 18:33:52.167402 | d032b771-f66b-44dc-9a00-ba0f5473dd1f ==============================
[0m18:33:52.167402 [info ] [MainThread]: Running with dbt=1.11.11
[0m18:33:52.167778 [debug] [MainThread]: running dbt with arguments {'fail_fast': 'False', 'no_print': 'None', 'warn_error': 'None', 'log_format': 'default', 'indirect_selection': 'eager', 'warn_error_options': 'WarnErrorOptionsV2(error=[], warn=[], silence=[])', 'introspect': 'True', 'use_colors': 'True', 'cache_selected_only': 'False', 'debug': 'False', 'write_json': 'True', 'printer_width': '80', 'invocation_command': 'dbt deps', 'log_path': '/home/wolfj/workspace/projects/chronos-seat/dbt_project/logs', 'profiles_dir': '/home/wolfj/workspace/projects/chronos-seat/dbt_project', 'static_parser': 'True', 'partial_parse': 'True', 'empty': 'None', 'quiet': 'False', 'send_anonymous_usage_stats': 'True', 'target_path': 'None', 'version_check': 'True', 'use_experimental_parser': 'False', 'log_cache_events': 'False'}
[0m18:33:52.249215 [debug] [MainThread]: Sending event: {'category': 'dbt', 'action': 'project_id', 'label': 'd032b771-f66b-44dc-9a00-ba0f5473dd1f', 'context': [<snowplow_tracker.self_describing_json.SelfDescribingJson object at 0x77284736d350>]}
[0m18:33:52.286646 [debug] [MainThread]: Set downloads directory='/tmp/dbt-downloads-3rzag_82'
[0m18:33:52.287051 [debug] [MainThread]: Making package index registry request: GET https://hub.getdbt.com/api/v1/index.json
[0m18:33:52.369919 [debug] [MainThread]: Response from registry index: GET https://hub.getdbt.com/api/v1/index.json 200
[0m18:33:52.371103 [debug] [MainThread]: Making package registry request: GET https://hub.getdbt.com/api/v1/dbt-labs/dbt_utils.json
[0m18:33:52.447722 [debug] [MainThread]: Response from registry: GET https://hub.getdbt.com/api/v1/dbt-labs/dbt_utils.json 200
[0m18:33:52.454990 [info ] [MainThread]: Updating lock file in file path: /home/wolfj/workspace/projects/chronos-seat/dbt_project/package-lock.yml
[0m18:33:52.456884 [debug] [MainThread]: Set downloads directory='/tmp/dbt-downloads-9puljs97'
[0m18:33:52.458400 [info ] [MainThread]: Installing dbt-labs/dbt_utils
[0m18:33:52.704388 [info ] [MainThread]: Installed from version 1.3.3
[0m18:33:52.704726 [info ] [MainThread]: Up to date!
[0m18:33:52.704980 [debug] [MainThread]: Sending event: {'category': 'dbt', 'action': 'package', 'label': 'd032b771-f66b-44dc-9a00-ba0f5473dd1f', 'property_': 'install', 'context': [<snowplow_tracker.self_describing_json.SelfDescribingJson object at 0x7728464e2580>, <snowplow_tracker.self_describing_json.SelfDescribingJson object at 0x7728464e1e10>]}
[0m18:33:52.705651 [debug] [MainThread]: Resource report: {"command_name": "deps", "command_success": true, "command_wall_clock_time": 0.6288634, "process_in_blocks": "288", "process_kernel_time": 0.191185, "process_mem_max_rss": "129080", "process_out_blocks": "17720", "process_user_time": 1.582839}
[0m18:33:52.705937 [debug] [MainThread]: Command `dbt deps` succeeded at 18:33:52.705885 after 0.63 seconds
[0m18:33:52.706135 [debug] [MainThread]: Sending event: {'category': 'dbt', 'action': 'invocation', 'label': 'end', 'context': [<snowplow_tracker.self_describing_json.SelfDescribingJson object at 0x772846683b50>, <snowplow_tracker.self_describing_json.SelfDescribingJson object at 0x77284647cc80>, <snowplow_tracker.self_describing_json.SelfDescribingJson object at 0x77284647cb90>]}
[0m18:33:52.706331 [debug] [MainThread]: Flushing usage events
[0m18:33:52.932979 [debug] [MainThread]: An error was encountered while trying to flush usage events
[0m18:33:53.980778 [debug] [MainThread]: Sending event: {'category': 'dbt', 'action': 'invocation', 'label': 'start', 'context': [<snowplow_tracker.self_describing_json.SelfDescribingJson object at 0x78c17e0e8830>, <snowplow_tracker.self_describing_json.SelfDescribingJson object at 0x78c17d257c50>, <snowplow_tracker.self_describing_json.SelfDescribingJson object at 0x78c17d2579d0>]}


============================== 18:33:53.982873 | ec5b81c9-b9c5-49a7-b6a9-dd7b2582600d ==============================
[0m18:33:53.982873 [info ] [MainThread]: Running with dbt=1.11.11
[0m18:33:53.983224 [debug] [MainThread]: running dbt with arguments {'log_path': '/home/wolfj/workspace/projects/chronos-seat/dbt_project/logs', 'quiet': 'False', 'indirect_selection': 'eager', 'partial_parse': 'True', 'log_cache_events': 'False', 'profiles_dir': '/home/wolfj/workspace/projects/chronos-seat/dbt_project', 'empty': 'None', 'warn_error_options': 'WarnErrorOptionsV2(error=[], warn=[], silence=[])', 'version_check': 'True', 'invocation_command': 'dbt parse', 'introspect': 'True', 'static_parser': 'True', 'no_print': 'None', 'write_json': 'True', 'debug': 'False', 'log_format': 'default', 'warn_error': 'None', 'use_experimental_parser': 'False', 'send_anonymous_usage_stats': 'True', 'target_path': 'None', 'use_colors': 'True', 'fail_fast': 'False', 'cache_selected_only': 'False', 'printer_width': '80'}
[0m18:33:54.151335 [debug] [MainThread]: Sending event: {'category': 'dbt', 'action': 'project_id', 'label': 'ec5b81c9-b9c5-49a7-b6a9-dd7b2582600d', 'context': [<snowplow_tracker.self_describing_json.SelfDescribingJson object at 0x78c17df55ba0>]}
[0m18:33:54.201093 [debug] [MainThread]: Sending event: {'category': 'dbt', 'action': 'adapter_info', 'label': 'ec5b81c9-b9c5-49a7-b6a9-dd7b2582600d', 'context': [<snowplow_tracker.self_describing_json.SelfDescribingJson object at 0x78c17d2fe470>]}
[0m18:33:54.202875 [info ] [MainThread]: Registered adapter: duckdb=1.10.1
[0m18:33:54.241741 [debug] [MainThread]: checksum: 30a8cc8fdcbf66701b0944d4ccce3fa46dd04b61e5df68b9f16d57b2e0e3f0be, vars: {}, profile: , target: , version: 1.11.11
[0m18:33:54.242227 [info ] [MainThread]: Unable to do partial parsing because saved manifest not found. Starting full parse.
[0m18:33:54.242475 [debug] [MainThread]: Sending event: {'category': 'dbt', 'action': 'partial_parser', 'label': 'ec5b81c9-b9c5-49a7-b6a9-dd7b2582600d', 'context': [<snowplow_tracker.self_describing_json.SelfDescribingJson object at 0x78c17d179550>]}
[0m18:33:54.762363 [warn ] [MainThread]: [[33mWARNING[0m]: Configuration paths exist in your dbt_project.yml file which do not apply to any resources.
There are 4 unused configuration paths:
- models.chronos_seat.bronze
- models.chronos_seat.silver
- models.chronos_seat.gold
- seeds.chronos_seat
[0m18:33:54.764928 [debug] [MainThread]: Sending event: {'category': 'dbt', 'action': 'load_project', 'label': 'ec5b81c9-b9c5-49a7-b6a9-dd7b2582600d', 'context': [<snowplow_tracker.self_describing_json.SelfDescribingJson object at 0x78c17d12af30>]}
[0m18:33:54.767071 [info ] [MainThread]: Performance info: /home/wolfj/workspace/projects/chronos-seat/dbt_project/target/perf_info.json
[0m18:33:54.790775 [debug] [MainThread]: Wrote artifact WritableManifest to /home/wolfj/workspace/projects/chronos-seat/dbt_project/target/manifest.json
[0m18:33:54.791778 [debug] [MainThread]: Wrote artifact SemanticManifest to /home/wolfj/workspace/projects/chronos-seat/dbt_project/target/semantic_manifest.json
[0m18:33:54.792224 [debug] [MainThread]: Resource report: {"command_name": "parse", "command_success": true, "command_wall_clock_time": 0.8654956, "process_in_blocks": "248", "process_kernel_time": 0.08811, "process_mem_max_rss": "146640", "process_out_blocks": "2936", "process_user_time": 1.726963}
[0m18:33:54.792493 [debug] [MainThread]: Command `dbt parse` succeeded at 18:33:54.792435 after 0.87 seconds
[0m18:33:54.792700 [debug] [MainThread]: Sending event: {'category': 'dbt', 'action': 'invocation', 'label': 'end', 'context': [<snowplow_tracker.self_describing_json.SelfDescribingJson object at 0x78c17d317e70>, <snowplow_tracker.self_describing_json.SelfDescribingJson object at 0x78c175235550>, <snowplow_tracker.self_describing_json.SelfDescribingJson object at 0x78c1753cfa00>]}
[0m18:33:54.792949 [debug] [MainThread]: Flushing usage events
[0m18:33:54.954495 [debug] [MainThread]: An error was encountered while trying to flush usage events
